Arguments: 
  /usr/local/bin/node /usr/local/bin/yarn starst

PATH: 
  /usr/local/bin:/usr/bin:/bin:/usr/sbin:/sbin

Yarn version: 
  1.5.1

Node version: 
  8.10.0

Platform: 
  darwin x64

npm manifest: 
  {
    "name": "readable-v1",
    "version": "1.0.0",
    "main": "app.js",
    "author": "Trung Vo",
    "license": "MIT",
    "scripts": {
      "build:dev": "webpack",
      "build:prod": "webpack -p --env production",
      "dev": "webpack-dev-server --open",
      "start": "node api-server/server.js",
      "heroku-postbuild": "npm run build:prod"
    },
    "dependencies": {
      "babel-cli": "6.26.0",
      "babel-core": "6.26.0",
      "babel-loader": "7.1.2",
      "babel-plugin-transform-class-properties": "6.24.1",
      "babel-plugin-transform-object-rest-spread": "^6.26.0",
      "babel-preset-env": "1.6.1",
      "babel-preset-react": "6.24.1",
      "css-loader": "0.28.8",
      "extract-text-webpack-plugin": "^3.0.2",
      "history": "^4.7.2",
      "moment": "^2.20.1",
      "node-sass": "4.7.2",
      "normalize.css": "7.0.0",
      "prop-types": "^15.6.0",
      "react": "16.2.0",
      "react-dom": "^16.2.0",
      "react-modal": "3.1.10",
      "react-redux": "^5.0.6",
      "react-router": "^4.2.0",
      "react-router-dom": "^4.2.2",
      "react-router-redux": "^4.0.8",
      "redux": "^3.7.2",
      "redux-logger": "^3.0.6",
      "redux-thunk": "^2.2.0",
      "sass-loader": "6.0.6",
      "semantic-ui-css": "^2.2.14",
      "semantic-ui-react": "^0.77.2",
      "style-loader": "0.19.1",
      "uuid": "^3.2.1",
      "webpack": "3.10.0"
    },
    "devDependencies": {
      "webpack-dev-server": "2.11.0"
    }
  }

yarn manifest: 
  No manifest

Lockfile: 
  No lockfile

Trace: 
  Error: Command "starst" not found. Did you mean "start"?
      at new MessageError (/usr/local/lib/node_modules/yarn/lib/cli.js:186:110)
      at /usr/local/lib/node_modules/yarn/lib/cli.js:87307:17
      at Generator.next (<anonymous>)
      at step (/usr/local/lib/node_modules/yarn/lib/cli.js:98:30)
      at /usr/local/lib/node_modules/yarn/lib/cli.js:116:14
      at new Promise (<anonymous>)
      at new F (/usr/local/lib/node_modules/yarn/lib/cli.js:23451:28)
      at /usr/local/lib/node_modules/yarn/lib/cli.js:95:12
      at runCommand (/usr/local/lib/node_modules/yarn/lib/cli.js:87312:22)
      at Object.<anonymous> (/usr/local/lib/node_modules/yarn/lib/cli.js:87412:14)
